<?xml version="1.0" encoding="UTF-8"?>
<testsuite name="hannah.mind.ADHDay.config.jwt.TokenProviderTest" tests="4" skipped="0" failures="0" errors="0" timestamp="2025-07-05T16:29:00.074Z" hostname="BOOK-23GFMNCR12" time="1.122">
  <properties/>
  <testcase name="validToken() : 만료된 토큰인 때에 유효성 검증에 실패한다." classname="hannah.mind.ADHDay.config.jwt.TokenProviderTest" time="0.679"/>
  <testcase name="getAuthentication() : 토큰 기반으로 인증 정보를 가져올 수 있다" classname="hannah.mind.ADHDay.config.jwt.TokenProviderTest" time="0.404"/>
  <testcase name="getUserId() : 토큰으로 유저 ID를 가져올 수 있다." classname="hannah.mind.ADHDay.config.jwt.TokenProviderTest" time="0.021"/>
  <testcase name="generateToken() : 유저 정보와 만료 기간을 전달해 토큰을 만들수 있다." classname="hannah.mind.ADHDay.config.jwt.TokenProviderTest" time="0.014"/>
  <system-out><![CDATA[01:28:49.508 [Test worker] INFO org.springframework.test.context.support.AnnotationConfigContextLoaderUtils -- Could not detect default configuration classes for test class [hannah.mind.ADHDay.config.jwt.TokenProviderTest]: TokenProviderTest does not declare any static, non-private, non-final, nested classes annotated with @Configuration.
01:28:49.702 [Test worker] INFO org.springframework.boot.test.context.SpringBootTestContextBootstrapper -- Found @SpringBootConfiguration hannah.mind.ADHDay.AdhDayApplication for test class hannah.mind.ADHDay.config.jwt.TokenProviderTest

  .   ____          _            __ _ _
 /\\ / ___'_ __ _ _(_)_ __  __ _ \ \ \ \
( ( )\___ | '_ | '_| | '_ \/ _` | \ \ \ \
 \\/  ___)| |_)| | | | | || (_| |  ) ) ) )
  '  |____| .__|_| |_|_| |_\__, | / / / /
 =========|_|==============|___/=/_/_/_/

 :: Spring Boot ::                (v3.5.3)

2025-07-06T01:28:50.551+09:00  INFO 51364 --- [ADHDay] [    Test worker] h.m.ADHDay.config.jwt.TokenProviderTest  : Starting TokenProviderTest using Java 17.0.12 with PID 51364 (started by jhjoo in C:\Users\jhjoo\codePractice\ADHDay)
2025-07-06T01:28:50.551+09:00  INFO 51364 --- [ADHDay] [    Test worker] h.m.ADHDay.config.jwt.TokenProviderTest  : The following 1 profile is active: "test"
2025-07-06T01:28:52.442+09:00  INFO 51364 --- [ADHDay] [    Test worker] .s.d.r.c.RepositoryConfigurationDelegate : Multiple Spring Data modules found, entering strict repository configuration mode
2025-07-06T01:28:52.447+09:00  INFO 51364 --- [ADHDay] [    Test worker] .s.d.r.c.RepositoryConfigurationDelegate : Bootstrapping Spring Data JDBC repositories in DEFAULT mode.
2025-07-06T01:28:52.514+09:00  INFO 51364 --- [ADHDay] [    Test worker] .RepositoryConfigurationExtensionSupport : Spring Data JDBC - Could not safely identify store assignment for repository candidate interface hannah.mind.ADHDay.auth.jwt.RefreshTokenRepository; If you want this repository to be a JDBC repository, consider annotating your entities with one of these annotations: org.springframework.data.relational.core.mapping.Table.
2025-07-06T01:28:52.517+09:00  INFO 51364 --- [ADHDay] [    Test worker] .RepositoryConfigurationExtensionSupport : Spring Data JDBC - Could not safely identify store assignment for repository candidate interface hannah.mind.ADHDay.domain.account.AccountRepository; If you want this repository to be a JDBC repository, consider annotating your entities with one of these annotations: org.springframework.data.relational.core.mapping.Table.
2025-07-06T01:28:52.517+09:00  INFO 51364 --- [ADHDay] [    Test worker] .s.d.r.c.RepositoryConfigurationDelegate : Finished Spring Data repository scanning in 57 ms. Found 0 JDBC repository interfaces.
2025-07-06T01:28:52.540+09:00  INFO 51364 --- [ADHDay] [    Test worker] .s.d.r.c.RepositoryConfigurationDelegate : Multiple Spring Data modules found, entering strict repository configuration mode
2025-07-06T01:28:52.542+09:00  INFO 51364 --- [ADHDay] [    Test worker] .s.d.r.c.RepositoryConfigurationDelegate : Bootstrapping Spring Data JPA repositories in DEFAULT mode.
2025-07-06T01:28:52.594+09:00  INFO 51364 --- [ADHDay] [    Test worker] .s.d.r.c.RepositoryConfigurationDelegate : Finished Spring Data repository scanning in 49 ms. Found 2 JPA repository interfaces.
2025-07-06T01:28:53.556+09:00  INFO 51364 --- [ADHDay] [    Test worker] o.hibernate.jpa.internal.util.LogHelper  : HHH000204: Processing PersistenceUnitInfo [name: default]
2025-07-06T01:28:53.767+09:00  INFO 51364 --- [ADHDay] [    Test worker] org.hibernate.Version                    : HHH000412: Hibernate ORM core version 6.6.18.Final
2025-07-06T01:28:53.844+09:00  INFO 51364 --- [ADHDay] [    Test worker] o.h.c.internal.RegionFactoryInitiator    : HHH000026: Second-level cache disabled
2025-07-06T01:28:54.390+09:00  INFO 51364 --- [ADHDay] [    Test worker] o.s.o.j.p.SpringPersistenceUnitInfo      : No LoadTimeWeaver setup: ignoring JPA class transformer
2025-07-06T01:28:54.449+09:00  INFO 51364 --- [ADHDay] [    Test worker] com.zaxxer.hikari.HikariDataSource       : HikariPool-1 - Starting...
2025-07-06T01:28:54.780+09:00  INFO 51364 --- [ADHDay] [    Test worker] com.zaxxer.hikari.pool.HikariPool        : HikariPool-1 - Added connection conn0: url=jdbc:h2:mem:testdb user=SA
2025-07-06T01:28:54.780+09:00  INFO 51364 --- [ADHDay] [    Test worker] com.zaxxer.hikari.HikariDataSource       : HikariPool-1 - Start completed.
2025-07-06T01:28:54.868+09:00  INFO 51364 --- [ADHDay] [    Test worker] org.hibernate.orm.connections.pooling    : HHH10001005: Database info:
	Database JDBC URL [Connecting through datasource 'HikariDataSource (HikariPool-1)']
	Database driver: undefined/unknown
	Database version: 2.3.232
	Autocommit mode: undefined/unknown
	Isolation level: undefined/unknown
	Minimum pool size: undefined/unknown
	Maximum pool size: undefined/unknown
Hibernate: create global temporary table HTE_account_role(rn_ integer not null, id bigint, name varchar(255), primary key (rn_)) TRANSACTIONAL
2025-07-06T01:28:56.374+09:00  INFO 51364 --- [ADHDay] [    Test worker] o.h.e.t.j.p.i.JtaPlatformInitiator       : HHH000489: No JTA platform available (set 'hibernate.transaction.jta.platform' to enable JTA platform integration)
Hibernate: drop table if exists account cascade 
Hibernate: drop table if exists account_roles cascade 
Hibernate: drop table if exists account_role cascade 
Hibernate: drop table if exists refresh_token cascade 
Hibernate: drop sequence if exists account_role_seq
Hibernate: create sequence account_role_seq start with 1 increment by 50
Hibernate: create table account (id bigint generated by default as identity, email varchar(255) not null unique, password varchar(255), primary key (id))
Hibernate: create table account_roles (role_id bigint not null, user_id bigint not null, primary key (role_id, user_id))
Hibernate: create table account_role (id bigint not null, name varchar(255), primary key (id))
Hibernate: create table refresh_token (id bigint generated by default as identity, user_id bigint not null unique, refresh_token varchar(255) not null, primary key (id))
Hibernate: alter table if exists account_roles add constraint FKinub75l4wowvtgeqjqmp66pnk foreign key (role_id) references account_role
Hibernate: alter table if exists account_roles add constraint FKg75jws9c251epgg4r5swxqkn3 foreign key (user_id) references account
2025-07-06T01:28:56.513+09:00  INFO 51364 --- [ADHDay] [    Test worker] j.LocalContainerEntityManagerFactoryBean : Initialized JPA EntityManagerFactory for persistence unit 'default'
2025-07-06T01:28:57.635+09:00  WARN 51364 --- [ADHDay] [    Test worker] JpaBaseConfiguration$JpaWebConfiguration : spring.jpa.open-in-view is enabled by default. Therefore, database queries may be performed during view rendering. Explicitly configure spring.jpa.open-in-view to disable this warning
2025-07-06T01:28:57.804+09:00  INFO 51364 --- [ADHDay] [    Test worker] r$InitializeUserDetailsManagerConfigurer : Global AuthenticationManager configured with UserDetailsService bean with name accountDetailsService
2025-07-06T01:28:58.872+09:00  INFO 51364 --- [ADHDay] [    Test worker] o.s.b.a.e.web.EndpointLinksResolver      : Exposing 1 endpoint beneath base path '/actuator'
2025-07-06T01:28:59.866+09:00  INFO 51364 --- [ADHDay] [    Test worker] o.s.b.a.h2.H2ConsoleAutoConfiguration    : H2 console available at '/h2-console'. Database available at 'jdbc:h2:mem:testdb'
2025-07-06T01:28:59.965+09:00  INFO 51364 --- [ADHDay] [    Test worker] h.m.ADHDay.config.jwt.TokenProviderTest  : Started TokenProviderTest in 9.98 seconds (process running for 11.9)
Hibernate: insert into account (email,password,id) values (?,?,default)
Hibernate: select a1_0.id,a1_0.email,a1_0.password from account a1_0 where a1_0.email=?
Hibernate: select ar1_0.user_id,ar1_1.id,ar1_1.name from account_roles ar1_0 join account_role ar1_1 on ar1_1.id=ar1_0.role_id where ar1_0.user_id=?
Hibernate: insert into account (email,password,id) values (?,?,default)
]]></system-out>
  <system-err><![CDATA[]]></system-err>
</testsuite>
