<?xml version="1.0" encoding="UTF-8"?>
<testsuite name="hannah.mind.ADHDay.controller.TokenApiControllerTest" tests="1" skipped="0" failures="0" errors="0" timestamp="2025-07-04T19:31:46.092Z" hostname="BOOK-23GFMNCR12" time="1.722">
  <properties/>
  <testcase name="createNewAccessToken : 새로운 액세스 토큰을 발급한다" classname="hannah.mind.ADHDay.controller.TokenApiControllerTest" time="1.722"/>
  <system-out><![CDATA[04:31:36.131 [Test worker] INFO org.springframework.test.context.support.AnnotationConfigContextLoaderUtils -- Could not detect default configuration classes for test class [hannah.mind.ADHDay.controller.TokenApiControllerTest]: TokenApiControllerTest does not declare any static, non-private, non-final, nested classes annotated with @Configuration.
04:31:36.296 [Test worker] INFO org.springframework.boot.test.context.SpringBootTestContextBootstrapper -- Found @SpringBootConfiguration hannah.mind.ADHDay.AdhDayApplication for test class hannah.mind.ADHDay.controller.TokenApiControllerTest

  .   ____          _            __ _ _
 /\\ / ___'_ __ _ _(_)_ __  __ _ \ \ \ \
( ( )\___ | '_ | '_| | '_ \/ _` | \ \ \ \
 \\/  ___)| |_)| | | | | || (_| |  ) ) ) )
  '  |____| .__|_| |_|_| |_\__, | / / / /
 =========|_|==============|___/=/_/_/_/

 :: Spring Boot ::                (v3.5.3)

2025-07-05T04:31:37.021+09:00  INFO 54172 --- [ADHDay] [    Test worker] h.m.A.controller.TokenApiControllerTest  : Starting TokenApiControllerTest using Java 17.0.12 with PID 54172 (started by jhjoo in C:\Users\jhjoo\codePractice\ADHDay)
2025-07-05T04:31:37.021+09:00  INFO 54172 --- [ADHDay] [    Test worker] h.m.A.controller.TokenApiControllerTest  : The following 1 profile is active: "test"
2025-07-05T04:31:38.394+09:00  INFO 54172 --- [ADHDay] [    Test worker] .s.d.r.c.RepositoryConfigurationDelegate : Multiple Spring Data modules found, entering strict repository configuration mode
2025-07-05T04:31:38.396+09:00  INFO 54172 --- [ADHDay] [    Test worker] .s.d.r.c.RepositoryConfigurationDelegate : Bootstrapping Spring Data JDBC repositories in DEFAULT mode.
2025-07-05T04:31:38.449+09:00  INFO 54172 --- [ADHDay] [    Test worker] .RepositoryConfigurationExtensionSupport : Spring Data JDBC - Could not safely identify store assignment for repository candidate interface hannah.mind.ADHDay.config.jwt.refreshToken.RefreshTokenRepository; If you want this repository to be a JDBC repository, consider annotating your entities with one of these annotations: org.springframework.data.relational.core.mapping.Table.
2025-07-05T04:31:38.450+09:00  INFO 54172 --- [ADHDay] [    Test worker] .RepositoryConfigurationExtensionSupport : Spring Data JDBC - Could not safely identify store assignment for repository candidate interface hannah.mind.ADHDay.user.auth.UserRepository; If you want this repository to be a JDBC repository, consider annotating your entities with one of these annotations: org.springframework.data.relational.core.mapping.Table.
2025-07-05T04:31:38.452+09:00  INFO 54172 --- [ADHDay] [    Test worker] .s.d.r.c.RepositoryConfigurationDelegate : Finished Spring Data repository scanning in 44 ms. Found 0 JDBC repository interfaces.
2025-07-05T04:31:38.466+09:00  INFO 54172 --- [ADHDay] [    Test worker] .s.d.r.c.RepositoryConfigurationDelegate : Multiple Spring Data modules found, entering strict repository configuration mode
2025-07-05T04:31:38.468+09:00  INFO 54172 --- [ADHDay] [    Test worker] .s.d.r.c.RepositoryConfigurationDelegate : Bootstrapping Spring Data JPA repositories in DEFAULT mode.
2025-07-05T04:31:38.534+09:00  INFO 54172 --- [ADHDay] [    Test worker] .s.d.r.c.RepositoryConfigurationDelegate : Finished Spring Data repository scanning in 54 ms. Found 2 JPA repository interfaces.
2025-07-05T04:31:39.461+09:00  INFO 54172 --- [ADHDay] [    Test worker] o.hibernate.jpa.internal.util.LogHelper  : HHH000204: Processing PersistenceUnitInfo [name: default]
2025-07-05T04:31:39.621+09:00  INFO 54172 --- [ADHDay] [    Test worker] org.hibernate.Version                    : HHH000412: Hibernate ORM core version 6.6.18.Final
2025-07-05T04:31:39.684+09:00  INFO 54172 --- [ADHDay] [    Test worker] o.h.c.internal.RegionFactoryInitiator    : HHH000026: Second-level cache disabled
2025-07-05T04:31:40.134+09:00  INFO 54172 --- [ADHDay] [    Test worker] o.s.o.j.p.SpringPersistenceUnitInfo      : No LoadTimeWeaver setup: ignoring JPA class transformer
2025-07-05T04:31:40.170+09:00  INFO 54172 --- [ADHDay] [    Test worker] com.zaxxer.hikari.HikariDataSource       : HikariPool-1 - Starting...
2025-07-05T04:31:40.410+09:00  INFO 54172 --- [ADHDay] [    Test worker] com.zaxxer.hikari.pool.HikariPool        : HikariPool-1 - Added connection conn0: url=jdbc:h2:mem:testdb user=SA
2025-07-05T04:31:40.413+09:00  INFO 54172 --- [ADHDay] [    Test worker] com.zaxxer.hikari.HikariDataSource       : HikariPool-1 - Start completed.
2025-07-05T04:31:40.488+09:00  INFO 54172 --- [ADHDay] [    Test worker] org.hibernate.orm.connections.pooling    : HHH10001005: Database info:
	Database JDBC URL [Connecting through datasource 'HikariDataSource (HikariPool-1)']
	Database driver: undefined/unknown
	Database version: 2.3.232
	Autocommit mode: undefined/unknown
	Isolation level: undefined/unknown
	Minimum pool size: undefined/unknown
	Maximum pool size: undefined/unknown
Hibernate: create global temporary table HTE_role(rn_ integer not null, id bigint, name varchar(255), primary key (rn_)) TRANSACTIONAL
2025-07-05T04:31:41.708+09:00  INFO 54172 --- [ADHDay] [    Test worker] o.h.e.t.j.p.i.JtaPlatformInitiator       : HHH000489: No JTA platform available (set 'hibernate.transaction.jta.platform' to enable JTA platform integration)
Hibernate: drop table if exists refresh_token cascade 
Hibernate: drop table if exists role cascade 
Hibernate: drop table if exists user_roles cascade 
Hibernate: drop table if exists users cascade 
Hibernate: drop sequence if exists role_seq
Hibernate: create sequence role_seq start with 1 increment by 50
Hibernate: create table refresh_token (id bigint generated by default as identity, user_id bigint not null unique, refresh_token varchar(255) not null, primary key (id))
Hibernate: create table role (id bigint not null, name varchar(255), primary key (id))
Hibernate: create table user_roles (role_id bigint not null, user_id bigint not null, primary key (role_id, user_id))
Hibernate: create table users (id bigint generated by default as identity, email varchar(255) not null unique, password varchar(255), primary key (id))
Hibernate: alter table if exists user_roles add constraint FKrhfovtciq1l558cw6udg0h0d3 foreign key (role_id) references role
Hibernate: alter table if exists user_roles add constraint FKhfh9dx7w3ubf1co1vdev94g3f foreign key (user_id) references users
2025-07-05T04:31:41.775+09:00  INFO 54172 --- [ADHDay] [    Test worker] j.LocalContainerEntityManagerFactoryBean : Initialized JPA EntityManagerFactory for persistence unit 'default'
2025-07-05T04:31:42.522+09:00  WARN 54172 --- [ADHDay] [    Test worker] JpaBaseConfiguration$JpaWebConfiguration : spring.jpa.open-in-view is enabled by default. Therefore, database queries may be performed during view rendering. Explicitly configure spring.jpa.open-in-view to disable this warning
2025-07-05T04:31:42.648+09:00  INFO 54172 --- [ADHDay] [    Test worker] r$InitializeUserDetailsManagerConfigurer : Global AuthenticationManager configured with UserDetailsService bean with name customUserDetailsService
2025-07-05T04:31:45.705+09:00  INFO 54172 --- [ADHDay] [    Test worker] o.s.b.a.h2.H2ConsoleAutoConfiguration    : H2 console available at '/h2-console'. Database available at 'jdbc:h2:mem:testdb'
2025-07-05T04:31:45.976+09:00  INFO 54172 --- [ADHDay] [    Test worker] o.s.b.t.m.w.SpringBootMockServletContext : Initializing Spring TestDispatcherServlet ''
2025-07-05T04:31:45.977+09:00  INFO 54172 --- [ADHDay] [    Test worker] o.s.t.web.servlet.TestDispatcherServlet  : Initializing Servlet ''
2025-07-05T04:31:45.978+09:00  INFO 54172 --- [ADHDay] [    Test worker] o.s.t.web.servlet.TestDispatcherServlet  : Completed initialization in 1 ms
2025-07-05T04:31:46.059+09:00  INFO 54172 --- [ADHDay] [    Test worker] h.m.A.controller.TokenApiControllerTest  : Started TokenApiControllerTest in 9.536 seconds (process running for 11.261)
2025-07-05T04:31:46.705+09:00  INFO 54172 --- [ADHDay] [    Test worker] o.s.b.t.m.w.SpringBootMockServletContext : Initializing Spring TestDispatcherServlet ''
2025-07-05T04:31:46.707+09:00  INFO 54172 --- [ADHDay] [    Test worker] o.s.t.web.servlet.TestDispatcherServlet  : Initializing Servlet ''
2025-07-05T04:31:46.709+09:00  INFO 54172 --- [ADHDay] [    Test worker] o.s.t.web.servlet.TestDispatcherServlet  : Completed initialization in 2 ms
Hibernate: select u1_0.id,u1_0.email,u1_0.password from users u1_0
Hibernate: insert into users (email,password,id) values (?,?,default)
Hibernate: insert into refresh_token (refresh_token,user_id,id) values (?,?,default)
Hibernate: select rt1_0.id,rt1_0.refresh_token,rt1_0.user_id from refresh_token rt1_0 where rt1_0.refresh_token=?
Hibernate: select u1_0.id,u1_0.email,u1_0.password,r1_0.user_id,r1_1.id,r1_1.name from users u1_0 left join user_roles r1_0 on u1_0.id=r1_0.user_id left join role r1_1 on r1_1.id=r1_0.role_id where u1_0.id=?
]]></system-out>
  <system-err><![CDATA[]]></system-err>
</testsuite>
